0 info it worked if it ends with ok
1 verbose cli [ 'D:\\allsoftware\\nodejs\\node.exe',
1 verbose cli   'D:\\allsoftware\\nodejs\\node_modules\\npm\\bin\\npm-cli.js',
1 verbose cli   'start' ]
2 info using npm@2.14.12
3 info using node@v4.2.4
4 verbose stack Error: missing script: start
4 verbose stack     at run (D:\allsoftware\nodejs\node_modules\npm\lib\run-script.js:142:19)
4 verbose stack     at D:\allsoftware\nodejs\node_modules\npm\lib\run-script.js:58:5
4 verbose stack     at D:\allsoftware\nodejs\node_modules\npm\node_modules\read-package-json\read-json.js:345:5
4 verbose stack     at checkBinReferences_ (D:\allsoftware\nodejs\node_modules\npm\node_modules\read-package-json\read-json.js:309:45)
4 verbose stack     at final (D:\allsoftware\nodejs\node_modules\npm\node_modules\read-package-json\read-json.js:343:3)
4 verbose stack     at then (D:\allsoftware\nodejs\node_modules\npm\node_modules\read-package-json\read-json.js:113:5)
4 verbose stack     at D:\allsoftware\nodejs\node_modules\npm\node_modules\read-package-json\read-json.js:300:12
4 verbose stack     at D:\allsoftware\nodejs\node_modules\npm\node_modules\graceful-fs\graceful-fs.js:76:16
4 verbose stack     at FSReqWrap.readFileAfterClose [as oncomplete] (fs.js:380:3)
5 verbose cwd D:\allsoftware\wamp\www\nodeWork\chat
6 error Windows_NT 10.0.10586
7 error argv "D:\\allsoftware\\nodejs\\node.exe" "D:\\allsoftware\\nodejs\\node_modules\\npm\\bin\\npm-cli.js" "start"
8 error node v4.2.4
9 error npm  v2.14.12
10 error missing script: start
11 error If you need help, you may report this error at:
11 error     <https://github.com/npm/npm/issues>
12 verbose exit [ 1, true ]
